<?xml version="1.0"?><coverage lines-covered="93" lines-valid="273" line-rate="0.34065934065934067" branches-covered="0" branches-valid="0" branch-rate="0" complexity="0" version="1.9" timestamp="1714955863"><sources><source>/home/runner/work/cribbage/cribbage</source></sources><packages><package name="src" line-rate="0.34065934065934067" branch-rate="0" complexity="0"><classes><class name="app" filename="src/app.rs" line-rate="0" branch-rate="0" complexity="0"><methods/><lines><line number="13" hits="0"/><line number="14" hits="0"/><line number="16" hits="0"/><line number="22" hits="0"/><line number="23" hits="0"/><line number="24" hits="0"/><line number="25" hits="0"/><line number="26" hits="0"/><line number="29" hits="0"/></lines></class><class name="error_template" filename="src/error_template.rs" line-rate="0" branch-rate="0" complexity="0"><methods/><lines><line number="12" hits="0"/><line number="22" hits="0"/><line number="26" hits="0"/><line number="27" hits="0"/><line number="28" hits="0"/><line number="29" hits="0"/><line number="30" hits="0"/><line number="34" hits="0"/><line number="37" hits="0"/><line number="39" hits="0"/><line number="41" hits="0"/><line number="54" hits="0"/><line number="55" hits="0"/><line number="58" hits="0"/><line number="62" hits="0"/><line number="63" hits="0"/><line number="64" hits="0"/><line number="65" hits="0"/><line number="66" hits="0"/><line number="67" hits="0"/></lines></class><class name="lib" filename="src/lib.rs" line-rate="0" branch-rate="0" complexity="0"><methods/><lines><line number="19" hits="0"/><line number="21" hits="0"/><line number="22" hits="0"/></lines></class><class name="main" filename="src/main.rs" line-rate="0" branch-rate="0" complexity="0"><methods/><lines><line number="47" hits="0"/></lines></class><class name="view" filename="src/view.rs" line-rate="0" branch-rate="0" complexity="0"><methods/><lines><line number="13" hits="0"/><line number="14" hits="0"/><line number="19" hits="0"/><line number="28" hits="0"/><line number="29" hits="0"/><line number="34" hits="0"/><line number="189" hits="0"/><line number="190" hits="0"/><line number="191" hits="0"/><line number="192" hits="0"/><line number="193" hits="0"/><line number="200" hits="0"/><line number="201" hits="0"/><line number="202" hits="0"/><line number="203" hits="0"/><line number="204" hits="0"/><line number="205" hits="0"/></lines></class></classes></package><package name="src/domain" line-rate="0.5740740740740741" branch-rate="0" complexity="0"><classes><class name="card" filename="src/domain/card.rs" line-rate="0.2894736842105263" branch-rate="0" complexity="0"><methods/><lines><line number="11" hits="2"/><line number="12" hits="2"/><line number="21" hits="0"/><line number="22" hits="0"/><line number="31" hits="2"/><line number="32" hits="4"/><line number="33" hits="1"/><line number="34" hits="1"/><line number="35" hits="1"/><line number="36" hits="1"/><line number="37" hits="1"/><line number="38" hits="1"/><line number="39" hits="1"/><line number="40" hits="1"/><line number="41" hits="1"/><line number="42" hits="1"/><line number="43" hits="1"/><line number="44" hits="1"/><line number="45" hits="1"/><line number="49" hits="0"/><line number="50" hits="0"/><line number="51" hits="0"/><line number="52" hits="0"/><line number="53" hits="0"/><line number="54" hits="0"/><line number="55" hits="0"/><line number="56" hits="0"/><line number="57" hits="0"/><line number="58" hits="0"/><line number="59" hits="0"/><line number="60" hits="0"/><line number="61" hits="0"/><line number="62" hits="0"/><line number="63" hits="0"/><line number="69" hits="0"/><line number="70" hits="0"/><line number="71" hits="0"/><line number="72" hits="0"/><line number="73" hits="0"/><line number="74" hits="0"/><line number="75" hits="0"/><line number="76" hits="0"/><line number="77" hits="0"/><line number="78" hits="0"/><line number="79" hits="0"/><line number="80" hits="0"/><line number="81" hits="0"/><line number="82" hits="0"/><line number="83" hits="0"/><line number="85" hits="0"/><line number="94" hits="0"/><line number="95" hits="0"/><line number="96" hits="0"/><line number="97" hits="0"/><line number="99" hits="0"/><line number="100" hits="0"/><line number="105" hits="0"/><line number="106" hits="0"/><line number="107" hits="0"/><line number="108" hits="0"/><line number="109" hits="0"/><line number="110" hits="0"/><line number="112" hits="0"/><line number="121" hits="1"/><line number="122" hits="6"/><line number="123" hits="1"/><line number="126" hits="4"/><line number="127" hits="0"/><line number="129" hits="0"/><line number="130" hits="0"/><line number="132" hits="4"/><line number="133" hits="0"/><line number="137" hits="0"/><line number="138" hits="0"/><line number="139" hits="0"/><line number="140" hits="0"/></lines></class><class name="cards" filename="src/domain/cards.rs" line-rate="0.8823529411764706" branch-rate="0" complexity="0"><methods/><lines><line number="14" hits="1"/><line number="15" hits="2"/><line number="16" hits="2"/><line number="17" hits="2"/><line number="20" hits="1"/><line number="21" hits="1"/><line number="22" hits="1"/><line number="25" hits="1"/><line number="26" hits="1"/><line number="27" hits="2"/><line number="30" hits="3"/><line number="31" hits="1"/><line number="32" hits="2"/><line number="37" hits="0"/><line number="38" hits="0"/><line number="51" hits="1"/><line number="52" hits="1"/></lines></class><class name="game" filename="src/domain/game.rs" line-rate="0.8666666666666667" branch-rate="0" complexity="0"><methods/><lines><line number="22" hits="1"/><line number="23" hits="1"/><line number="24" hits="1"/><line number="27" hits="7"/><line number="28" hits="11"/><line number="29" hits="11"/><line number="30" hits="4"/><line number="33" hits="4"/><line number="34" hits="8"/><line number="36" hits="1"/><line number="39" hits="1"/><line number="40" hits="1"/><line number="41" hits="1"/><line number="42" hits="0"/><line number="46" hits="1"/><line number="47" hits="1"/><line number="48" hits="1"/><line number="49" hits="0"/><line number="53" hits="1"/><line number="54" hits="1"/><line number="55" hits="1"/><line number="56" hits="1"/><line number="57" hits="4"/><line number="58" hits="5"/><line number="59" hits="4"/><line number="60" hits="1"/><line number="61" hits="1"/><line number="62" hits="2"/><line number="63" hits="2"/><line number="64" hits="1"/><line number="65" hits="2"/><line number="66" hits="1"/><line number="67" hits="1"/><line number="69" hits="0"/><line number="73" hits="1"/><line number="74" hits="1"/><line number="75" hits="1"/><line number="76" hits="1"/><line number="77" hits="2"/><line number="78" hits="5"/><line number="79" hits="3"/><line number="81" hits="0"/><line number="87" hits="0"/><line number="88" hits="0"/><line number="89" hits="0"/><line number="90" hits="0"/><line number="98" hits="1"/><line number="99" hits="2"/><line number="100" hits="1"/><line number="102" hits="1"/><line number="106" hits="1"/><line number="107" hits="3"/><line number="108" hits="3"/><line number="109" hits="1"/><line number="111" hits="1"/><line number="115" hits="1"/><line number="116" hits="3"/><line number="117" hits="3"/><line number="118" hits="1"/><line number="120" hits="1"/></lines></class><class name="player" filename="src/domain/player.rs" line-rate="0.6" branch-rate="0" complexity="0"><methods/><lines><line number="10" hits="2"/><line number="16" hits="1"/><line number="17" hits="1"/><line number="22" hits="0"/><line number="23" hits="0"/></lines></class><class name="result" filename="src/domain/result.rs" line-rate="0" branch-rate="0" complexity="0"><methods/><lines><line number="11" hits="0"/><line number="12" hits="0"/><line number="17" hits="0"/></lines></class><class name="score" filename="src/domain/score.rs" line-rate="1" branch-rate="0" complexity="0"><methods/><lines><line number="14" hits="1"/></lines></class></classes></package><package name="src/pages" line-rate="0" branch-rate="0" complexity="0"><classes><class name="game_page" filename="src/pages/game_page.rs" line-rate="0" branch-rate="0" complexity="0"><methods/><lines><line number="14" hits="0"/><line number="15" hits="0"/><line number="16" hits="0"/><line number="17" hits="0"/><line number="18" hits="0"/><line number="20" hits="0"/><line number="22" hits="0"/><line number="23" hits="0"/><line number="24" hits="0"/><line number="25" hits="0"/><line number="32" hits="0"/><line number="33" hits="0"/><line number="36" hits="0"/><line number="37" hits="0"/><line number="40" hits="0"/><line number="41" hits="0"/><line number="42" hits="0"/><line number="43" hits="0"/><line number="47" hits="0"/><line number="48" hits="0"/></lines></class><class name="home_page" filename="src/pages/home_page.rs" line-rate="0" branch-rate="0" complexity="0"><methods/><lines><line number="7" hits="0"/><line number="8" hits="0"/><line number="22" hits="0"/></lines></class></classes></package><package name="src/ssr/database" line-rate="0" branch-rate="0" complexity="0"><classes><class name="mod" filename="src/ssr/database/mod.rs" line-rate="0" branch-rate="0" complexity="0"><methods/><lines><line number="36" hits="0"/><line number="37" hits="0"/></lines></class></classes></package><package name="src/services" line-rate="0" branch-rate="0" complexity="0"><classes><class name="get_game" filename="src/services/get_game.rs" line-rate="0" branch-rate="0" complexity="0"><methods/><lines><line number="7" hits="0"/></lines></class><class name="start" filename="src/services/start.rs" line-rate="0" branch-rate="0" complexity="0"><methods/><lines><line number="7" hits="0"/></lines></class></classes></package><package name="" line-rate="0.34065934065934067" branch-rate="0" complexity="0"><classes></classes></package><package name="src/components" line-rate="0" branch-rate="0" complexity="0"><classes><class name="card" filename="src/components/card.rs" line-rate="0" branch-rate="0" complexity="0"><methods/><lines><line number="7" hits="0"/><line number="13" hits="0"/><line number="21" hits="0"/><line number="22" hits="0"/><line number="23" hits="0"/><line number="24" hits="0"/><line number="27" hits="0"/><line number="30" hits="0"/><line number="31" hits="0"/></lines></class><class name="cuts" filename="src/components/cuts.rs" line-rate="0" branch-rate="0" complexity="0"><methods/><lines><line number="10" hits="0"/><line number="16" hits="0"/><line number="53" hits="0"/><line number="54" hits="0"/><line number="56" hits="0"/><line number="58" hits="0"/><line number="59" hits="0"/><line number="60" hits="0"/><line number="62" hits="0"/><line number="65" hits="0"/><line number="79" hits="0"/><line number="83" hits="0"/><line number="84" hits="0"/><line number="86" hits="0"/></lines></class><class name="game" filename="src/components/game.rs" line-rate="0" branch-rate="0" complexity="0"><methods/><lines><line number="9" hits="0"/><line number="13" hits="0"/><line number="22" hits="0"/><line number="25" hits="0"/><line number="26" hits="0"/><line number="33" hits="0"/><line number="37" hits="0"/><line number="41" hits="0"/><line number="46" hits="0"/><line number="53" hits="0"/><line number="57" hits="0"/></lines></class></classes></package><package name="src/ssr/auth" line-rate="0" branch-rate="0" complexity="0"><classes></classes></package><package name="src/ssr" line-rate="0" branch-rate="0" complexity="0"><classes></classes></package></packages></coverage>